<?xml version="1.0" encoding="UTF-8"?>
<testng-results ignored="9" total="10" passed="0" failed="1" skipped="0">
  <reporter-output>
  </reporter-output>
  <suite started-at="2020-01-15T14:03:53Z" name="Herokuapp" finished-at="2020-01-15T14:04:10Z" duration-ms="17508">
    <groups>
    </groups>
    <test started-at="2020-01-15T14:03:53Z" name="Regression" finished-at="2020-01-15T14:04:10Z" duration-ms="17508">
      <class name="selenium.framework.testsuite.herokuapp.ChallengingDomPage">
        <test-method is-config="true" signature="beforeSuite()[pri:0, instance:selenium.framework.testsuite.herokuapp.ChallengingDomPage@5609159b]" started-at="2020-01-15T14:03:41Z" name="beforeSuite" finished-at="2020-01-15T14:03:53Z" duration-ms="11904" status="PASS">
          <reporter-output>
          </reporter-output>
        </test-method> <!-- beforeSuite -->
        <test-method is-config="true" signature="init()[pri:0, instance:selenium.framework.testsuite.herokuapp.ChallengingDomPage@5609159b]" started-at="2020-01-15T14:03:53Z" name="init" finished-at="2020-01-15T14:03:53Z" duration-ms="3" status="PASS">
          <reporter-output>
          </reporter-output>
        </test-method> <!-- init -->
        <test-method is-config="true" signature="beforeMethod()[pri:0, instance:selenium.framework.testsuite.herokuapp.ChallengingDomPage@5609159b]" started-at="2020-01-15T14:03:53Z" name="beforeMethod" finished-at="2020-01-15T14:04:10Z" duration-ms="16990" status="PASS">
          <reporter-output>
          </reporter-output>
        </test-method> <!-- beforeMethod -->
        <test-method signature="challengingDomPageLoad()[pri:0, instance:selenium.framework.testsuite.herokuapp.ChallengingDomPage@5609159b]" started-at="2020-01-15T14:04:10Z" name="challengingDomPageLoad" finished-at="2020-01-15T14:04:10Z" duration-ms="453" status="FAIL">
          <exception class="java.lang.NoClassDefFoundError">
            <message>
              <![CDATA[javax/xml/bind/JAXBException]]>
            </message>
            <full-stacktrace>
              <![CDATA[java.lang.NoClassDefFoundError: javax/xml/bind/JAXBException
at io.restassured.config.ObjectMapperConfig.<init>(ObjectMapperConfig.java:49)
at io.restassured.config.RestAssuredConfig.<init>(RestAssuredConfig.java:41)
at io.restassured.RestAssured.<clinit>(RestAssured.java:420)
at selenium.framework.testsuite.herokuapp.ChallengingDomPage.challengingDomPageLoad(ChallengingDomPage.java:281)
at java.base/jdk.internal.reflect.NativeMethodAccessorImpl.invoke0(Native Method)
at java.base/jdk.internal.reflect.NativeMethodAccessorImpl.invoke(NativeMethodAccessorImpl.java:62)
at java.base/jdk.internal.reflect.DelegatingMethodAccessorImpl.invoke(DelegatingMethodAccessorImpl.java:43)
at java.base/java.lang.reflect.Method.invoke(Method.java:567)
at org.testng.internal.MethodInvocationHelper.invokeMethod(MethodInvocationHelper.java:124)
at org.testng.internal.Invoker.invokeMethod(Invoker.java:583)
at org.testng.internal.Invoker.invokeTestMethod(Invoker.java:719)
at org.testng.internal.Invoker.invokeTestMethods(Invoker.java:989)
at org.testng.internal.TestMethodWorker.invokeTestMethods(TestMethodWorker.java:125)
at org.testng.internal.TestMethodWorker.run(TestMethodWorker.java:109)
at org.testng.TestRunner.privateRun(TestRunner.java:648)
at org.testng.TestRunner.run(TestRunner.java:505)
at org.testng.SuiteRunner.runTest(SuiteRunner.java:455)
at org.testng.SuiteRunner.runSequentially(SuiteRunner.java:450)
at org.testng.SuiteRunner.privateRun(SuiteRunner.java:415)
at org.testng.SuiteRunner.run(SuiteRunner.java:364)
at org.testng.SuiteRunnerWorker.runSuite(SuiteRunnerWorker.java:52)
at org.testng.SuiteRunnerWorker.run(SuiteRunnerWorker.java:84)
at org.testng.TestNG.runSuitesSequentially(TestNG.java:1208)
at org.testng.TestNG.runSuitesLocally(TestNG.java:1137)
at org.testng.TestNG.runSuites(TestNG.java:1049)
at org.testng.TestNG.run(TestNG.java:1017)
at org.testng.remote.AbstractRemoteTestNG.run(AbstractRemoteTestNG.java:115)
at org.testng.remote.RemoteTestNG.initAndRun(RemoteTestNG.java:251)
at org.testng.remote.RemoteTestNG.main(RemoteTestNG.java:77)
Caused by: java.lang.ClassNotFoundException: javax.xml.bind.JAXBException
at java.base/jdk.internal.loader.BuiltinClassLoader.loadClass(BuiltinClassLoader.java:602)
at java.base/jdk.internal.loader.ClassLoaders$AppClassLoader.loadClass(ClassLoaders.java:178)
at java.base/java.lang.ClassLoader.loadClass(ClassLoader.java:521)
... 29 more
]]>
            </full-stacktrace>
          </exception> <!-- java.lang.NoClassDefFoundError -->
          <reporter-output>
          </reporter-output>
        </test-method> <!-- challengingDomPageLoad -->
        <test-method is-config="true" signature="afterTest()[pri:0, instance:selenium.framework.testsuite.herokuapp.ChallengingDomPage@5609159b]" started-at="2020-01-15T14:04:10Z" name="afterTest" finished-at="2020-01-15T14:04:12Z" duration-ms="1575" status="PASS">
          <reporter-output>
          </reporter-output>
        </test-method> <!-- afterTest -->
      </class> <!-- selenium.framework.testsuite.herokuapp.ChallengingDomPage -->
    </test> <!-- Regression -->
  </suite> <!-- Herokuapp -->
</testng-results>
