<?xml version="1.0" encoding="UTF-8"?>
<testng-results ignored="3" total="11" passed="8" failed="0" skipped="0">
  <reporter-output>
  </reporter-output>
  <suite started-at="2020-01-13T21:58:34Z" name="Herokuapp" finished-at="2020-01-13T21:58:55Z" duration-ms="21197">
    <groups>
    </groups>
    <test started-at="2020-01-13T21:58:34Z" name="Regression" finished-at="2020-01-13T21:58:55Z" duration-ms="21197">
      <class name="selenium.framework.testSuite.herokuapp.ChallengingDomPage">
        <test-method is-config="true" signature="beforeSuite()[pri:0, instance:selenium.framework.testSuite.herokuapp.ChallengingDomPage@78dd667e]" started-at="2020-01-13T21:58:17Z" name="beforeSuite" finished-at="2020-01-13T21:58:34Z" duration-ms="17427" status="PASS">
          <reporter-output>
          </reporter-output>
        </test-method> <!-- beforeSuite -->
        <test-method is-config="true" signature="init()[pri:0, instance:selenium.framework.testSuite.herokuapp.ChallengingDomPage@78dd667e]" started-at="2020-01-13T21:58:34Z" name="init" finished-at="2020-01-13T21:58:34Z" duration-ms="4" status="PASS">
          <reporter-output>
          </reporter-output>
        </test-method> <!-- init -->
        <test-method signature="verifyChallengingDomPageUI()[pri:0, instance:selenium.framework.testSuite.herokuapp.ChallengingDomPage@78dd667e]" started-at="2020-01-13T21:58:34Z" name="verifyChallengingDomPageUI" finished-at="2020-01-13T21:58:35Z" duration-ms="850" status="PASS">
          <reporter-output>
          </reporter-output>
        </test-method> <!-- verifyChallengingDomPageUI -->
        <test-method signature="verifyBlueButton()[pri:0, instance:selenium.framework.testSuite.herokuapp.ChallengingDomPage@78dd667e]" started-at="2020-01-13T21:58:35Z" name="verifyBlueButton" finished-at="2020-01-13T21:58:37Z" duration-ms="1831" status="PASS">
          <reporter-output>
          </reporter-output>
        </test-method> <!-- verifyBlueButton -->
        <test-method signature="verifyRedButton()[pri:0, instance:selenium.framework.testSuite.herokuapp.ChallengingDomPage@78dd667e]" started-at="2020-01-13T21:58:37Z" name="verifyRedButton" finished-at="2020-01-13T21:58:39Z" duration-ms="1722" status="PASS">
          <reporter-output>
          </reporter-output>
        </test-method> <!-- verifyRedButton -->
        <test-method signature="verifyGreenButton()[pri:0, instance:selenium.framework.testSuite.herokuapp.ChallengingDomPage@78dd667e]" started-at="2020-01-13T21:58:39Z" name="verifyGreenButton" finished-at="2020-01-13T21:58:40Z" duration-ms="1166" status="PASS">
          <reporter-output>
          </reporter-output>
        </test-method> <!-- verifyGreenButton -->
        <test-method signature="verifyContentsOfTable()[pri:0, instance:selenium.framework.testSuite.herokuapp.ChallengingDomPage@78dd667e]" started-at="2020-01-13T21:58:40Z" name="verifyContentsOfTable" finished-at="2020-01-13T21:58:45Z" duration-ms="5138" status="PASS">
          <reporter-output>
          </reporter-output>
        </test-method> <!-- verifyContentsOfTable -->
        <test-method signature="verifyEditLinkUnderActionColumn()[pri:0, instance:selenium.framework.testSuite.herokuapp.ChallengingDomPage@78dd667e]" started-at="2020-01-13T21:58:45Z" name="verifyEditLinkUnderActionColumn" finished-at="2020-01-13T21:58:47Z" duration-ms="1696" status="PASS">
          <reporter-output>
          </reporter-output>
        </test-method> <!-- verifyEditLinkUnderActionColumn -->
        <test-method signature="verifyDeleteLinkUnderActionColumn()[pri:0, instance:selenium.framework.testSuite.herokuapp.ChallengingDomPage@78dd667e]" started-at="2020-01-13T21:58:47Z" name="verifyDeleteLinkUnderActionColumn" finished-at="2020-01-13T21:58:48Z" duration-ms="1626" status="PASS">
          <reporter-output>
          </reporter-output>
        </test-method> <!-- verifyDeleteLinkUnderActionColumn -->
        <test-method signature="verifyGreenBannerForkMeOnGitHub()[pri:0, instance:selenium.framework.testSuite.herokuapp.ChallengingDomPage@78dd667e]" started-at="2020-01-13T21:58:48Z" name="verifyGreenBannerForkMeOnGitHub" finished-at="2020-01-13T21:58:54Z" duration-ms="5591" status="PASS">
          <reporter-output>
          </reporter-output>
        </test-method> <!-- verifyGreenBannerForkMeOnGitHub -->
        <test-method is-config="true" signature="afterSuite()[pri:0, instance:selenium.framework.testSuite.herokuapp.ChallengingDomPage@78dd667e]" started-at="2020-01-13T21:58:54Z" name="afterSuite" finished-at="2020-01-13T21:58:55Z" duration-ms="1518" status="PASS">
          <reporter-output>
          </reporter-output>
        </test-method> <!-- afterSuite -->
      </class> <!-- selenium.framework.testSuite.herokuapp.ChallengingDomPage -->
    </test> <!-- Regression -->
  </suite> <!-- Herokuapp -->
</testng-results>
