<?xml version="1.0" encoding="UTF-8"?>
<!-- Generated by org.testng.reporters.JUnitXMLReporter -->
<testsuite ignored="0" hostname="VAIO" failures="0" tests="9" name="Regression" time="35.538" errors="0" timestamp="15 Jan 2020 05:21:44 GMT">
  <testcase classname="selenium.framework.testsuite.herokuapp.ChallengingDomPage" name="verifyBlueButton" time="0.956"/>
  <testcase classname="selenium.framework.testsuite.herokuapp.ChallengingDomPage" name="verifyContentsOfTable" time="4.046"/>
  <testcase classname="selenium.framework.testsuite.herokuapp.ChallengingDomPage" name="verifyDeleteLinkUnderActionColumn" time="1.781"/>
  <testcase classname="selenium.framework.testsuite.herokuapp.ChallengingDomPage" name="verifyEditLinkUnderActionColumn" time="1.724"/>
  <testcase classname="selenium.framework.testsuite.herokuapp.ChallengingDomPage" name="verifyGreenBannerForkMeOnGitHub" time="3.546"/>
  <testcase classname="selenium.framework.testsuite.herokuapp.ChallengingDomPage" name="verifyGreenButton" time="1.131"/>
  <testcase classname="selenium.framework.testsuite.herokuapp.ChallengingDomPage" name="verifyPoweredByElementalSelenium" time="6.886"/>
  <testcase classname="selenium.framework.testsuite.herokuapp.ChallengingDomPage" name="verifyRedButton" time="0.986"/>
  <testcase classname="selenium.framework.testsuite.herokuapp.ChallengingDomPage" name="verifychallengingDomUI" time="0.806"/>
</testsuite> <!-- Regression -->
